<?xml version="1.0" encoding="UTF-8"?>
<!-- Generated by org.testng.reporters.JUnitReportReporter -->
<testsuite skipped="0" hostname="VelMurugan-PC" name="test.TestCase" tests="1" failures="0" timestamp="14 May 2019 15:20:48 GMT" time="27.220" errors="0">
  <testcase name="Testmethod" time="27.220" classname="test.TestCase"/>
</testsuite> <!-- test.TestCase -->
