<?xml version="1.0" encoding="UTF-8"?>
<!-- Generated by org.testng.reporters.JUnitReportReporter -->
<testsuite skipped="0" hostname="VelMurugan-PC" name="com.ttsl.crmutils.Reportoptimizer" tests="1" failures="0" timestamp="16 May 2019 13:08:51 GMT" time="0.114" errors="0">
  <testcase name="archiveFile" time="0.114" classname="com.ttsl.crmutils.Reportoptimizer"/>
</testsuite> <!-- com.ttsl.crmutils.Reportoptimizer -->
